<?xml version="1.0" encoding="UTF-8"?>
<!-- Generated by org.testng.reporters.JUnitXMLReporter -->
<testsuite hostname="DLLB0402" name="Firefox Test" tests="3" failures="0" timestamp="29 May 2018 13:32:28 GMT" time="0.261" errors="0">
  <testcase name="@BeforeClass Start_Test_Session" time="0.0" classname="com.automation.tests.WebTest">
    <failure type="java.lang.ClassCastException" message="org.openqa.selenium.firefox.FirefoxProfile cannot be cast to org.openqa.selenium.Capabilities">
      <![CDATA[java.lang.ClassCastException: org.openqa.selenium.firefox.FirefoxProfile cannot be cast to org.openqa.selenium.Capabilities
	at com.automation.WebDriverFactory.getFirefoxDriver(WebDriverFactory.java:153)
	at com.automation.WebDriverFactory.getDriver(WebDriverFactory.java:39)
	at com.automation.TestSessionInitiator._configureBrowser(TestSessionInitiator.java:57)
	at com.automation.TestSessionInitiator.testInitiator(TestSessionInitiator.java:52)
	at com.automation.TestSessionInitiator.<init>(TestSessionInitiator.java:47)
	at com.automation.tests.WebTest.Start_Test_Session(WebTest.java:27)
	at java.util.concurrent.FutureTask.run(Unknown Source)
	at java.util.concurrent.ThreadPoolExecutor.runWorker(Unknown Source)
	at java.util.concurrent.ThreadPoolExecutor$Worker.run(Unknown Source)
	at java.lang.Thread.run(Unknown Source)
... Removed 16 stack frames]]>
    </failure>
  </testcase> <!-- @BeforeClass Start_Test_Session -->
  <testcase name="@BeforeMethod handleTestMethodName" time="0.0" classname="com.automation.tests.WebTest">
    <skipped/>
  </testcase> <!-- @BeforeMethod handleTestMethodName -->
  <testcase name="@AfterMethod handleTestMethod" time="0.0" classname="com.automation.tests.WebTest">
    <skipped/>
  </testcase> <!-- @AfterMethod handleTestMethod -->
  <testcase name="@AfterMethod take_screenshot_on_failure" time="0.0" classname="com.automation.tests.WebTest">
    <skipped/>
  </testcase> <!-- @AfterMethod take_screenshot_on_failure -->
  <testcase name="@BeforeMethod handleTestMethodName" time="0.0" classname="com.automation.tests.WebTest">
    <skipped/>
  </testcase> <!-- @BeforeMethod handleTestMethodName -->
  <testcase name="@AfterMethod handleTestMethod" time="0.0" classname="com.automation.tests.WebTest">
    <skipped/>
  </testcase> <!-- @AfterMethod handleTestMethod -->
  <testcase name="@AfterMethod take_screenshot_on_failure" time="0.0" classname="com.automation.tests.WebTest">
    <skipped/>
  </testcase> <!-- @AfterMethod take_screenshot_on_failure -->
  <testcase name="@BeforeMethod handleTestMethodName" time="0.0" classname="com.automation.tests.WebTest">
    <skipped/>
  </testcase> <!-- @BeforeMethod handleTestMethodName -->
  <testcase name="@AfterMethod handleTestMethod" time="0.0" classname="com.automation.tests.WebTest">
    <skipped/>
  </testcase> <!-- @AfterMethod handleTestMethod -->
  <testcase name="@AfterMethod take_screenshot_on_failure" time="0.0" classname="com.automation.tests.WebTest">
    <skipped/>
  </testcase> <!-- @AfterMethod take_screenshot_on_failure -->
  <testcase name="@AfterClass close_Test_Session" time="0.0" classname="com.automation.tests.WebTest">
    <skipped/>
  </testcase> <!-- @AfterClass close_Test_Session -->
  <testcase name="test1_verifySignUpFunctionality" time="0.002" classname="com.automation.tests.WebTest">
    <skipped/>
  </testcase> <!-- test1_verifySignUpFunctionality -->
  <testcase name="test2_verifyLogInFunctionality" time="0.002" classname="com.automation.tests.WebTest">
    <skipped/>
  </testcase> <!-- test2_verifyLogInFunctionality -->
  <testcase name="test3_verifyCheckOutFunctionality" time="0.002" classname="com.automation.tests.WebTest">
    <skipped/>
  </testcase> <!-- test3_verifyCheckOutFunctionality -->
</testsuite> <!-- Firefox Test -->
