<html>
<head>
<title>TestNG:  Firefox Test</title>
<link href="../testng.css" rel="stylesheet" type="text/css" />
<link href="../my-testng.css" rel="stylesheet" type="text/css" />

<style type="text/css">
.log { display: none;} 
.stack-trace { display: none;} 
</style>
<script type="text/javascript">
<!--
function flip(e) {
  current = e.style.display;
  if (current == 'block') {
    e.style.display = 'none';
    return 0;
  }
  else {
    e.style.display = 'block';
    return 1;
  }
}

function toggleBox(szDivId, elem, msg1, msg2)
{
  var res = -1;  if (document.getElementById) {
    res = flip(document.getElementById(szDivId));
  }
  else if (document.all) {
    // this is the way old msie versions work
    res = flip(document.all[szDivId]);
  }
  if(elem) {
    if(res == 0) elem.innerHTML = msg1; else elem.innerHTML = msg2;
  }

}

function toggleAllBoxes() {
  if (document.getElementsByTagName) {
    d = document.getElementsByTagName('div');
    for (i = 0; i < d.length; i++) {
      if (d[i].className == 'log') {
        flip(d[i]);
      }
    }
  }
}

// -->
</script>

</head>
<body>
<h2 align='center'>Firefox Test</h2><table border='1' align="center">
<tr>
<td>Tests passed/Failed/Skipped:</td><td>0/0/3</td>
</tr><tr>
<td>Started on:</td><td>Tue May 29 19:02:27 IST 2018</td>
</tr>
<tr><td>Total time:</td><td>0 seconds (261 ms)</td>
</tr><tr>
<td>Included groups:</td><td></td>
</tr><tr>
<td>Excluded groups:</td><td></td>
</tr>
</table><p/>
<small><i>(Hover the method name to see the test class name)</i></small><p/>
<table width='100%' border='1' class='invocation-failed'>
<tr><td colspan='4' align='center'><b>FAILED CONFIGURATIONS</b></td></tr>
<tr><td><b>Test method</b></td>
<td width="30%"><b>Exception</b></td>
<td width="10%"><b>Time (seconds)</b></td>
<td><b>Instance</b></td>
</tr>
<tr>
<td title='com.automation.tests.WebTest.Start_Test_Session()'><b>Start_Test_Session</b><br>Test class: com.automation.tests.WebTest</td>
<td><div><pre>java.lang.ClassCastException: org.openqa.selenium.firefox.FirefoxProfile cannot be cast to org.openqa.selenium.Capabilities
	at com.automation.WebDriverFactory.getFirefoxDriver(WebDriverFactory.java:153)
	at com.automation.WebDriverFactory.getDriver(WebDriverFactory.java:39)
	at com.automation.TestSessionInitiator._configureBrowser(TestSessionInitiator.java:57)
	at com.automation.TestSessionInitiator.testInitiator(TestSessionInitiator.java:52)
	at com.automation.TestSessionInitiator.&lt;init&gt;(TestSessionInitiator.java:47)
	at com.automation.tests.WebTest.Start_Test_Session(WebTest.java:27)
	at java.util.concurrent.FutureTask.run(Unknown Source)
	at java.util.concurrent.ThreadPoolExecutor.runWorker(Unknown Source)
	at java.util.concurrent.ThreadPoolExecutor$Worker.run(Unknown Source)
	at java.lang.Thread.run(Unknown Source)
... Removed 16 stack frames</pre></div><a href='#' onClick='toggleBox("stack-trace801990467", this, "Click to show all stack frames", "Click to hide stack frames")'>Click to show all stack frames</a>
<div class='stack-trace' id='stack-trace801990467'><pre>java.lang.ClassCastException: org.openqa.selenium.firefox.FirefoxProfile cannot be cast to org.openqa.selenium.Capabilities
	at com.automation.WebDriverFactory.getFirefoxDriver(WebDriverFactory.java:153)
	at com.automation.WebDriverFactory.getDriver(WebDriverFactory.java:39)
	at com.automation.TestSessionInitiator._configureBrowser(TestSessionInitiator.java:57)
	at com.automation.TestSessionInitiator.testInitiator(TestSessionInitiator.java:52)
	at com.automation.TestSessionInitiator.&lt;init&gt;(TestSessionInitiator.java:47)
	at com.automation.tests.WebTest.Start_Test_Session(WebTest.java:27)
	at sun.reflect.NativeMethodAccessorImpl.invoke0(Native Method)
	at sun.reflect.NativeMethodAccessorImpl.invoke(Unknown Source)
	at sun.reflect.DelegatingMethodAccessorImpl.invoke(Unknown Source)
	at java.lang.reflect.Method.invoke(Unknown Source)
	at org.testng.internal.MethodInvocationHelper.invokeMethod(MethodInvocationHelper.java:86)
	at org.testng.internal.Invoker.invokeConfigurationMethod(Invoker.java:514)
	at org.testng.internal.Invoker.invokeConfigurations(Invoker.java:215)
	at org.testng.internal.Invoker.invokeConfigurations(Invoker.java:142)
	at org.testng.internal.TestMethodWorker.invokeBeforeClassMethods(TestMethodWorker.java:178)
	at org.testng.internal.TestMethodWorker.run(TestMethodWorker.java:108)
	at org.testng.TestRunner.privateRun(TestRunner.java:782)
	at org.testng.TestRunner.run(TestRunner.java:632)
	at org.testng.SuiteRunner.runTest(SuiteRunner.java:366)
	at org.testng.SuiteRunner.access$000(SuiteRunner.java:39)
	at org.testng.SuiteRunner$SuiteWorker.run(SuiteRunner.java:400)
	at org.testng.internal.thread.ThreadUtil$2.call(ThreadUtil.java:64)
	at java.util.concurrent.FutureTask.run(Unknown Source)
	at java.util.concurrent.ThreadPoolExecutor.runWorker(Unknown Source)
	at java.util.concurrent.ThreadPoolExecutor$Worker.run(Unknown Source)
	at java.lang.Thread.run(Unknown Source)
</pre></div></td>
<td>0</td>
<td>com.automation.tests.WebTest@f6c48ac</td></tr>
</table><p>
<table width='100%' border='1' class='invocation-skipped'>
<tr><td colspan='4' align='center'><b>SKIPPED CONFIGURATIONS</b></td></tr>
<tr><td><b>Test method</b></td>
<td width="30%"><b>Exception</b></td>
<td width="10%"><b>Time (seconds)</b></td>
<td><b>Instance</b></td>
</tr>
<tr>
<td title='com.automation.tests.WebTest.handleTestMethodName()'><b>handleTestMethodName</b><br>Test class: com.automation.tests.WebTest</td>
<td></td>
<td>0</td>
<td>com.automation.tests.WebTest@f6c48ac</td></tr>
<tr>
<td title='com.automation.tests.WebTest.handleTestMethodName()'><b>handleTestMethodName</b><br>Test class: com.automation.tests.WebTest</td>
<td></td>
<td>0</td>
<td>com.automation.tests.WebTest@f6c48ac</td></tr>
<tr>
<td title='com.automation.tests.WebTest.handleTestMethodName()'><b>handleTestMethodName</b><br>Test class: com.automation.tests.WebTest</td>
<td></td>
<td>0</td>
<td>com.automation.tests.WebTest@f6c48ac</td></tr>
<tr>
<td title='com.automation.tests.WebTest.handleTestMethod()'><b>handleTestMethod</b><br>Test class: com.automation.tests.WebTest</td>
<td></td>
<td>0</td>
<td>com.automation.tests.WebTest@f6c48ac</td></tr>
<tr>
<td title='com.automation.tests.WebTest.take_screenshot_on_failure()'><b>take_screenshot_on_failure</b><br>Test class: com.automation.tests.WebTest</td>
<td></td>
<td>0</td>
<td>com.automation.tests.WebTest@f6c48ac</td></tr>
<tr>
<td title='com.automation.tests.WebTest.handleTestMethod()'><b>handleTestMethod</b><br>Test class: com.automation.tests.WebTest</td>
<td></td>
<td>0</td>
<td>com.automation.tests.WebTest@f6c48ac</td></tr>
<tr>
<td title='com.automation.tests.WebTest.take_screenshot_on_failure()'><b>take_screenshot_on_failure</b><br>Test class: com.automation.tests.WebTest</td>
<td></td>
<td>0</td>
<td>com.automation.tests.WebTest@f6c48ac</td></tr>
<tr>
<td title='com.automation.tests.WebTest.handleTestMethod()'><b>handleTestMethod</b><br>Test class: com.automation.tests.WebTest</td>
<td></td>
<td>0</td>
<td>com.automation.tests.WebTest@f6c48ac</td></tr>
<tr>
<td title='com.automation.tests.WebTest.take_screenshot_on_failure()'><b>take_screenshot_on_failure</b><br>Test class: com.automation.tests.WebTest</td>
<td></td>
<td>0</td>
<td>com.automation.tests.WebTest@f6c48ac</td></tr>
<tr>
<td title='com.automation.tests.WebTest.close_Test_Session()'><b>close_Test_Session</b><br>Test class: com.automation.tests.WebTest</td>
<td></td>
<td>0</td>
<td>com.automation.tests.WebTest@f6c48ac</td></tr>
</table><p>
<table width='100%' border='1' class='invocation-skipped'>
<tr><td colspan='4' align='center'><b>SKIPPED TESTS</b></td></tr>
<tr><td><b>Test method</b></td>
<td width="30%"><b>Exception</b></td>
<td width="10%"><b>Time (seconds)</b></td>
<td><b>Instance</b></td>
</tr>
<tr>
<td title='com.automation.tests.WebTest.test1_verifySignUpFunctionality()'><b>test1_verifySignUpFunctionality</b><br>Test class: com.automation.tests.WebTest</td>
<td></td>
<td>0</td>
<td>com.automation.tests.WebTest@f6c48ac</td></tr>
<tr>
<td title='com.automation.tests.WebTest.test2_verifyLogInFunctionality()'><b>test2_verifyLogInFunctionality</b><br>Test class: com.automation.tests.WebTest</td>
<td></td>
<td>0</td>
<td>com.automation.tests.WebTest@f6c48ac</td></tr>
<tr>
<td title='com.automation.tests.WebTest.test3_verifyCheckOutFunctionality()'><b>test3_verifyCheckOutFunctionality</b><br>Test class: com.automation.tests.WebTest</td>
<td></td>
<td>0</td>
<td>com.automation.tests.WebTest@f6c48ac</td></tr>
</table><p>
</body>
</html>